<?xml version="1.0" encoding="UTF-8" ?>
<testsuite tests="5" failures="0" name="misc.MarkExtractorTest" time="0.328" errors="0" skipped="0">
  <properties>
[...]
</properties>
  <testcase classname="misc.MarkExtractorTest" name="test0" time="0.125"/>
  <testcase classname="misc.MarkExtractorTest" name="test1" time="0.203"/>
  <testcase classname="misc.MarkExtractorTest" name="test2" time="0"/>
  <testcase classname="misc.MarkExtractorTest" name="test3" time="0"/>
  <testcase classname="misc.MarkExtractorTest" name="test4" time="0"/>
</testsuite>