<?xml version="1.0" encoding="UTF-8"?>
<testsuite xmlns:xsi="http://www.w3.org/2001/XMLSchema-instance" xsi:schemaLocation="https://maven.apache.org/surefire/maven-surefire-plugin/xsd/surefire-test-report.xsd" name="MdLinkCheckerTest" time="0.931" tests="11" errors="0" skipped="0" failures="0">
  <properties>
[...]
</properties>
  <testcase name="test" classname="MdLinkCheckerTest$実際の文書" time="0.831"/>
  <testcase name="HTML画像の正規表現" classname="MdLinkCheckerTest$パターンマッチング" time="0"/>
  <testcase name="HTMLリンクの正規表現" classname="MdLinkCheckerTest$パターンマッチング" time="0"/>
  <testcase name="MDリンクの正規表現" classname="MdLinkCheckerTest$パターンマッチング" time="0"/>
  <testcase name="MD画像の正規表現" classname="MdLinkCheckerTest$パターンマッチング" time="0"/>
  <testcase name="cutCommentsテスト" classname="MdLinkCheckerTest$コンストラクタ" time="0.001"/>
  <testcase name="コンストラクタ設定" classname="MdLinkCheckerTest$コンストラクタ" time="0"/>
  <testcase name="cutCommentsまで通しテスト" classname="MdLinkCheckerTest$コンストラクタ" time="0.005"/>
  <testcase name="全ファイル読み込み" classname="MdLinkCheckerTest$コンストラクタ" time="0.003"/>
  <testcase name="ファイル読み込み" classname="MdLinkCheckerTest$コンストラクタ" time="0.004"/>
  <testcase name="toUrlPathテスト" classname="MdLinkCheckerTest$コンストラクタ" time="0.002"/>
</testsuite>